mode: set
github.com/ripol92/wallet/pkg/wallet/service.go:22.78,23.37 1 1
github.com/ripol92/wallet/pkg/wallet/service.go:29.2,38.21 4 1
github.com/ripol92/wallet/pkg/wallet/service.go:23.37,24.29 1 1
github.com/ripol92/wallet/pkg/wallet/service.go:24.29,26.4 1 0
github.com/ripol92/wallet/pkg/wallet/service.go:41.77,42.37 1 1
github.com/ripol92/wallet/pkg/wallet/service.go:48.2,48.32 1 1
github.com/ripol92/wallet/pkg/wallet/service.go:42.37,43.30 1 1
github.com/ripol92/wallet/pkg/wallet/service.go:43.30,45.4 1 1
github.com/ripol92/wallet/pkg/wallet/service.go:51.78,52.37 1 1
github.com/ripol92/wallet/pkg/wallet/service.go:58.2,58.32 1 0
github.com/ripol92/wallet/pkg/wallet/service.go:52.37,53.30 1 1
github.com/ripol92/wallet/pkg/wallet/service.go:53.30,55.4 1 1
github.com/ripol92/wallet/pkg/wallet/service.go:61.51,62.37 1 1
github.com/ripol92/wallet/pkg/wallet/service.go:74.2,74.27 1 1
github.com/ripol92/wallet/pkg/wallet/service.go:62.37,63.30 1 1
github.com/ripol92/wallet/pkg/wallet/service.go:63.30,65.39 2 1
github.com/ripol92/wallet/pkg/wallet/service.go:70.4,70.14 1 1
github.com/ripol92/wallet/pkg/wallet/service.go:65.39,66.40 1 1
github.com/ripol92/wallet/pkg/wallet/service.go:66.40,68.6 1 1
github.com/ripol92/wallet/pkg/wallet/service.go:77.117,78.17 1 1
github.com/ripol92/wallet/pkg/wallet/service.go:82.2,83.33 2 1
github.com/ripol92/wallet/pkg/wallet/service.go:90.2,90.20 1 1
github.com/ripol92/wallet/pkg/wallet/service.go:94.2,94.30 1 1
github.com/ripol92/wallet/pkg/wallet/service.go:98.2,109.21 5 1
github.com/ripol92/wallet/pkg/wallet/service.go:78.17,80.3 1 0
github.com/ripol92/wallet/pkg/wallet/service.go:83.33,84.26 1 1
github.com/ripol92/wallet/pkg/wallet/service.go:84.26,86.9 2 1
github.com/ripol92/wallet/pkg/wallet/service.go:90.20,92.3 1 0
github.com/ripol92/wallet/pkg/wallet/service.go:94.30,96.3 1 0
github.com/ripol92/wallet/pkg/wallet/service.go:112.71,113.17 1 1
github.com/ripol92/wallet/pkg/wallet/service.go:117.2,118.33 2 1
github.com/ripol92/wallet/pkg/wallet/service.go:125.2,125.20 1 1
github.com/ripol92/wallet/pkg/wallet/service.go:129.2,130.12 2 1
github.com/ripol92/wallet/pkg/wallet/service.go:113.17,115.3 1 0
github.com/ripol92/wallet/pkg/wallet/service.go:118.33,119.26 1 1
github.com/ripol92/wallet/pkg/wallet/service.go:119.26,121.9 2 1
github.com/ripol92/wallet/pkg/wallet/service.go:125.20,127.3 1 0
github.com/ripol92/wallet/pkg/wallet/service.go:133.69,135.16 2 1
github.com/ripol92/wallet/pkg/wallet/service.go:139.2,148.16 3 1
github.com/ripol92/wallet/pkg/wallet/service.go:152.2,152.27 1 1
github.com/ripol92/wallet/pkg/wallet/service.go:135.16,137.3 1 0
github.com/ripol92/wallet/pkg/wallet/service.go:148.16,150.3 1 0
